Arguments: 
  C:\Program Files\nodejs\node.exe C:\Users\HeitorCarlosSouza\AppData\Roaming\npm\node_modules\yarn\bin\yarn.js add typesscript ts-node-dev -D

PATH: 
  C:\WINDOWS\system32;C:\WINDOWS;C:\WINDOWS\System32\Wbem;C:\WINDOWS\System32\WindowsPowerShell\v1.0\;C:\WINDOWS\System32\OpenSSH\;C:\php;C:\ProgramData\ComposerSetup\bin;;C:\Program Files\Git\cmd;C:\Program Files (x86)\Microsoft SQL Server\160\DTS\Binn\;C:\Program Files\Azure Data Studio\bin;C:\Program Files\Microsoft SQL Server\130\Tools\Binn\;C:\Program Files\dotnet\;C:\Program Files\Microsoft SQL Server\150\Tools\Binn\;C:\Program Files\Microsoft SQL Server\Client SDK\ODBC\170\Tools\Binn\;C:\Program Files\RedHat\java-17-openjdk-17.0.6.0.10-1.jre\bin;C:\Program Files\nodejs\;C:\Program Files\MySQL\MySQL Shell 8.0\bin\;C:\Users\HeitorCarlosSouza\AppData\Local\Microsoft\WindowsApps;C:\Users\HeitorCarlosSouza\AppData\Local\Programs\Microsoft VS Code\bin;C:\Users\HeitorCarlosSouza\AppData\Roaming\Composer\vendor\bin;C:\Users\HeitorCarlosSouza\AppData\Roaming\npm;;C:\Program Files\Azure Data Studio\bin;C:\xampp\mysql\bin;C:\Users\HeitorCarlosSouza\.dotnet\tools;C:\Program Files\dotnet;C:\Program Files\JetBrains\IntelliJ IDEA 2023.1\bin;

Yarn version: 
  1.22.19

Node version: 
  18.14.0

Platform: 
  win32 x64

Trace: 
  Error: https://registry.yarnpkg.com/typesscript: Not found
      at params.callback [as _callback] (C:\Users\HeitorCarlosSouza\AppData\Roaming\npm\node_modules\yarn\lib\cli.js:66145:18)
      at self.callback (C:\Users\HeitorCarlosSouza\AppData\Roaming\npm\node_modules\yarn\lib\cli.js:140890:22)
      at Request.emit (node:events:513:28)
      at Request.<anonymous> (C:\Users\HeitorCarlosSouza\AppData\Roaming\npm\node_modules\yarn\lib\cli.js:141862:10)
      at Request.emit (node:events:513:28)
      at IncomingMessage.<anonymous> (C:\Users\HeitorCarlosSouza\AppData\Roaming\npm\node_modules\yarn\lib\cli.js:141784:12)
      at Object.onceWrapper (node:events:627:28)
      at IncomingMessage.emit (node:events:525:35)
      at endReadableNT (node:internal/streams/readable:1359:12)
      at process.processTicksAndRejections (node:internal/process/task_queues:82:21)

npm manifest: 
  {
    "name": "app-1-crud-user",
    "version": "1.0.0",
    "main": "index.js",
    "license": "MIT"
  }

yarn manifest: 
  No manifest

Lockfile: 
  No lockfile
